# JRE version: Java(TM) SE Runtime Environment (8.0_65-b17) (build 1.8.0_65-b17)
# Java VM: Java HotSpot(TM) 64-Bit Server VM (25.65-b01 mixed mode linux-amd64 compressed oops)
Heap:
 PSYoungGen      total 17920K, used 11752K [0x00000000ec000000, 0x00000000ed780000, 0x0000000100000000)
  eden space 15360K, 60% used [0x00000000ec000000,0x00000000ec901a60,0x00000000ecf00000)
  from space 2560K, 98% used [0x00000000ed180000,0x00000000ed3f8830,0x00000000ed400000)
  to   space 2560K, 0% used [0x00000000ecf00000,0x00000000ecf00000,0x00000000ed180000)
 ParOldGen       total 41472K, used 9131K [0x00000000c4000000, 0x00000000c6880000, 0x00000000ec000000)
  object space 41472K, 22% used [0x00000000c4000000,0x00000000c48eaf88,0x00000000c6880000)
 Metaspace       used 28663K, capacity 30076K, committed 30336K, reserved 1075200K
  class space    used 3876K, capacity 4125K, committed 4224K, reserved 1048576K
GC Heap History (10 events):
Event: 6,115 GC heap before
{Heap before GC invocations=1 (full 0):
 PSYoungGen      total 17920K, used 15360K [0x00000000ec000000, 0x00000000ed400000, 0x0000000100000000)
  eden space 15360K, 100% used [0x00000000ec000000,0x00000000ecf00000,0x00000000ecf00000)
  from space 2560K, 0% used [0x00000000ed180000,0x00000000ed180000,0x00000000ed400000)
  to   space 2560K, 0% used [0x00000000ecf00000,0x00000000ecf00000,0x00000000ed180000)
 ParOldGen       total 40960K, used 0K [0x00000000c4000000, 0x00000000c6800000, 0x00000000ec000000)
  object space 40960K, 0% used [0x00000000c4000000,0x00000000c4000000,0x00000000c6800000)
 Metaspace       used 9244K, capacity 9626K, committed 9728K, reserved 1058816K
  class space    used 1155K, capacity 1240K, committed 1280K, reserved 1048576K
Event: 6,136 GC heap after
Heap after GC invocations=1 (full 0):
 PSYoungGen      total 17920K, used 2544K [0x00000000ec000000, 0x00000000ed400000, 0x0000000100000000)
  eden space 15360K, 0% used [0x00000000ec000000,0x00000000ec000000,0x00000000ecf00000)
  from space 2560K, 99% used [0x00000000ecf00000,0x00000000ed17c030,0x00000000ed180000)
  to   space 2560K, 0% used [0x00000000ed180000,0x00000000ed180000,0x00000000ed400000)
 ParOldGen       total 40960K, used 248K [0x00000000c4000000, 0x00000000c6800000, 0x00000000ec000000)
  object space 40960K, 0% used [0x00000000c4000000,0x00000000c403e010,0x00000000c6800000)
 Metaspace       used 9244K, capacity 9626K, committed 9728K, reserved 1058816K
  class space    used 1155K, capacity 1240K, committed 1280K, reserved 1048576K
}
Event: 9,421 GC heap before
{Heap before GC invocations=2 (full 0):
 PSYoungGen      total 17920K, used 17859K [0x00000000ec000000, 0x00000000ed400000, 0x0000000100000000)
  eden space 15360K, 99% used [0x00000000ec000000,0x00000000ecef4f10,0x00000000ecf00000)
  from space 2560K, 99% used [0x00000000ecf00000,0x00000000ed17c030,0x00000000ed180000)
  to   space 2560K, 0% used [0x00000000ed180000,0x00000000ed180000,0x00000000ed400000)
 ParOldGen       total 40960K, used 248K [0x00000000c4000000, 0x00000000c6800000, 0x00000000ec000000)
  object space 40960K, 0% used [0x00000000c4000000,0x00000000c403e010,0x00000000c6800000)
 Metaspace       used 15046K, capacity 15758K, committed 16000K, reserved 1062912K
  class space    used 2221K, capacity 2400K, committed 2432K, reserved 1048576K
Event: 9,447 GC heap after
Heap after GC invocations=2 (full 0):
 PSYoungGen      total 17920K, used 2535K [0x00000000ec000000, 0x00000000ed400000, 0x0000000100000000)
  eden space 15360K, 0% used [0x00000000ec000000,0x00000000ec000000,0x00000000ecf00000)
  from space 2560K, 99% used [0x00000000ed180000,0x00000000ed3f9f00,0x00000000ed400000)
  to   space 2560K, 0% used [0x00000000ecf00000,0x00000000ecf00000,0x00000000ed180000)
 ParOldGen       total 40960K, used 2422K [0x00000000c4000000, 0x00000000c6800000, 0x00000000ec000000)
  object space 40960K, 5% used [0x00000000c4000000,0x00000000c425daa0,0x00000000c6800000)
 Metaspace       used 15046K, capacity 15758K, committed 16000K, reserved 1062912K
  class space    used 2221K, capacity 2400K, committed 2432K, reserved 1048576K
}
Event: 25,621 GC heap before
{Heap before GC invocations=3 (full 0):
 PSYoungGen      total 17920K, used 15114K [0x00000000ec000000, 0x00000000ed400000, 0x0000000100000000)
  eden space 15360K, 81% used [0x00000000ec000000,0x00000000ecc48cb8,0x00000000ecf00000)
  from space 2560K, 99% used [0x00000000ed180000,0x00000000ed3f9f00,0x00000000ed400000)
  to   space 2560K, 0% used [0x00000000ecf00000,0x00000000ecf00000,0x00000000ed180000)
 ParOldGen       total 40960K, used 2422K [0x00000000c4000000, 0x00000000c6800000, 0x00000000ec000000)
  object space 40960K, 5% used [0x00000000c4000000,0x00000000c425daa0,0x00000000c6800000)
 Metaspace       used 20380K, capacity 21110K, committed 21248K, reserved 1067008K
  class space    used 2743K, capacity 2962K, committed 3072K, reserved 1048576K
Event: 25,641 GC heap after
Heap after GC invocations=3 (full 0):
 PSYoungGen      total 17920K, used 2528K [0x00000000ec000000, 0x00000000ed400000, 0x0000000100000000)
  eden space 15360K, 0% used [0x00000000ec000000,0x00000000ec000000,0x00000000ecf00000)
  from space 2560K, 98% used [0x00000000ecf00000,0x00000000ed178050,0x00000000ed180000)
  to   space 2560K, 0% used [0x00000000ed180000,0x00000000ed180000,0x00000000ed400000)
 ParOldGen       total 40960K, used 6794K [0x00000000c4000000, 0x00000000c6800000, 0x00000000ec000000)
  object space 40960K, 16% used [0x00000000c4000000,0x00000000c46a2a58,0x00000000c6800000)
 Metaspace       used 20380K, capacity 21110K, committed 21248K, reserved 1067008K
  class space    used 2743K, capacity 2962K, committed 3072K, reserved 1048576K
}
Event: 25,641 GC heap before
{Heap before GC invocations=4 (full 1):
 PSYoungGen      total 17920K, used 2528K [0x00000000ec000000, 0x00000000ed400000, 0x0000000100000000)
  eden space 15360K, 0% used [0x00000000ec000000,0x00000000ec000000,0x00000000ecf00000)
  from space 2560K, 98% used [0x00000000ecf00000,0x00000000ed178050,0x00000000ed180000)
  to   space 2560K, 0% used [0x00000000ed180000,0x00000000ed180000,0x00000000ed400000)
 ParOldGen       total 40960K, used 6794K [0x00000000c4000000, 0x00000000c6800000, 0x00000000ec000000)
  object space 40960K, 16% used [0x00000000c4000000,0x00000000c46a2a58,0x00000000c6800000)
 Metaspace       used 20380K, capacity 21110K, committed 21248K, reserved 1067008K
  class space    used 2743K, capacity 2962K, committed 3072K, reserved 1048576K
Event: 25,913 GC heap after
Heap after GC invocations=4 (full 1):
 PSYoungGen      total 17920K, used 0K [0x00000000ec000000, 0x00000000ed400000, 0x0000000100000000)
  eden space 15360K, 0% used [0x00000000ec000000,0x00000000ec000000,0x00000000ecf00000)
  from space 2560K, 0% used [0x00000000ecf00000,0x00000000ecf00000,0x00000000ed180000)
  to   space 2560K, 0% used [0x00000000ed180000,0x00000000ed180000,0x00000000ed400000)
 ParOldGen       total 41472K, used 9047K [0x00000000c4000000, 0x00000000c6880000, 0x00000000ec000000)
  object space 41472K, 21% used [0x00000000c4000000,0x00000000c48d5de8,0x00000000c6880000)
 Metaspace       used 20380K, capacity 21110K, committed 21248K, reserved 1067008K
  class space    used 2743K, capacity 2962K, committed 3072K, reserved 1048576K
}
Event: 50,995 GC heap before
{Heap before GC invocations=5 (full 1):
 PSYoungGen      total 17920K, used 15345K [0x00000000ec000000, 0x00000000ed400000, 0x0000000100000000)
  eden space 15360K, 99% used [0x00000000ec000000,0x00000000ecefc428,0x00000000ecf00000)
  from space 2560K, 0% used [0x00000000ecf00000,0x00000000ecf00000,0x00000000ed180000)
  to   space 2560K, 0% used [0x00000000ed180000,0x00000000ed180000,0x00000000ed400000)
 ParOldGen       total 41472K, used 9047K [0x00000000c4000000, 0x00000000c6880000, 0x00000000ec000000)
  object space 41472K, 21% used [0x00000000c4000000,0x00000000c48d5de8,0x00000000c6880000)
 Metaspace       used 27407K, capacity 28438K, committed 28544K, reserved 1073152K
  class space    used 3672K, capacity 3908K, committed 3968K, reserved 1048576K
Event: 51,008 GC heap after
Heap after GC invocations=5 (full 1):
 PSYoungGen      total 17920K, used 2530K [0x00000000ec000000, 0x00000000ed780000, 0x0000000100000000)
  eden space 15360K, 0% used [0x00000000ec000000,0x00000000ec000000,0x00000000ecf00000)
  from space 2560K, 98% used [0x00000000ed180000,0x00000000ed3f8830,0x00000000ed400000)
  to   space 2560K, 0% used [0x00000000ecf00000,0x00000000ecf00000,0x00000000ed180000)
 ParOldGen       total 41472K, used 9131K [0x00000000c4000000, 0x00000000c6880000, 0x00000000ec000000)
  object space 41472K, 22% used [0x00000000c4000000,0x00000000c48eaf88,0x00000000c6880000)
 Metaspace       used 27407K, capacity 28438K, committed 28544K, reserved 1073152K
  class space    used 3672K, capacity 3908K, committed 3968K, reserved 1048576K
}

